

PHP: Request received 
PHP: Received username: uliPHP: Received password: bulbulUsername already taken

PHP: Request received 
PHP: Received username: uliPHP: Received password: bulbuliUsername already taken

PHP: Request received 
PHP: Received username: murmurPHP: Received password: gavgav

PHP: Request received 
PHP: Received username: murmurPHP: Received password: gavgavUsername already taken

PHP: Request received 
PHP: Received username: murmurPHP: Received password: gavgavUsername already taken

PHP: Request received 
PHP: Received username: uliPHP: Received password: lllllllUsername already taken

PHP: Request received 
PHP: Received username: uliPHP: Received password: lllllllUsername already taken

PHP: Request received 
PHP: Received username: uliPHP: Received password: llllllUsername already taken

PHP: Request received 
PHP: Received username: shushechkaPHP: Received password: llllll

PHP: Request received 
PHP: Received username: lauraPHP: Received password: isthestyliest

PHP: Request received 
PHP: Received username: joanPHP: Received password: 2ZbrjDlwIXhDICYf6Zna2kdiwVRR0r06D3tkmBN9vPw=

PHP: Request received 
PHP: Received username: miruPHP: Received password: fYNjwxYi6QxOR4Cg5tCioliKUYJgAJMMmStDrv9ykUk=

PHP: Request received 
PHP: Received username: тттPHP: Received password: 7ZaOhA0Q0tMTqHC8ExpOLDEdetCb3zKzQYFHIh9RpuI=

PHP: Request received 
PHP: Received username: sashaPHP: Received password: /7Yi336ZJqO3coTcsCSiymZ+HEdN1kQyHpChYzAQdRk=

PHP: Request received 
PHP: Received username: lovePHP: Received password: 3zKhnqeA8K2EJAomu5qrq9FdqESIOHlJBik1fHwiWoA=

PHP: Request received 
PHP: Received username: lovePHP: Received password: ICvQCfgWqopp4kyYqRrAdAiZ3zFsiNBrrTf12wMt4z8=Username already taken

PHP: Request received 
PHP: Received username: lovelyPHP: Received password: ICvQCfgWqopp4kyYqRrAdAiZ3zFsiNBrrTf12wMt4z8=

PHP: Request received 
PHP: Received username: mmmPHP: Received password: dOG7Yvjau4ElpYhStjvfbq72Z8tWrH9826bXMFxQoi8=